-------------------------------------
Beginning Export of all Source
Version Control.accda
VCS Version 3.4.15
Performing Full Export
19.08.2021 18:58:16
-------------------------------------
-------------------------------------
Exporting project...          
  Version Control.accda
[1]
-------------------------------------
Exporting vb project...       
  MSAccessVCS
[1]
-------------------------------------
Exporting vbe references...   
  stdole
[9]
-------------------------------------
No vbe forms found in this database.
-------------------------------------
Exporting proj properties...  
  Current Project Properties (Access)
[1]
-------------------------------------
No saved specs found in this database.
-------------------------------------
Exporting db properties...    
  Database Properties (DAO)
[51]
-------------------------------------
No shared images found in this database.
-------------------------------------
Exporting themes...           
  Office Theme
[1]
-------------------------------------
No imex specs found in this database.
-------------------------------------
No tables found in this database.
-------------------------------------
Exporting queries...          
  qryNavPaneGroups
    Sanitized in 0,006 seconds.
  qryNavPaneGroups (SQL)
[1]
-------------------------------------
Exporting forms...            
  frmVCSInstall
    Sanitized in 0,047 seconds.
  frmVCSMain
    Sanitized in 0,042 seconds.
  frmVCSOptions
    Sanitized in 0,062 seconds.
[3]
-------------------------------------
Exporting macros...           
  autoexec
    Sanitized in 0,002 seconds.
[1]
-------------------------------------
No reports found in this database.
-------------------------------------
No table data found in this database.
-------------------------------------
Exporting modules...          
  modAddIn
  clsVCSIndex
  clsDbDocument
  modConnect
  clsDbImexSpec
  clsAdpTable
  modAPI
  modConstants
  modDatabase
  clsDbHiddenAttribute
  clsDbVbeReference
  modFileAccess
  modObjects
  clsOptions
  modEncoding
  modSanitize
  modFunctions
  modSqlFunctions
  modHash
  clsLblProg
  modImportExport
  clsDbReport
  IDbComponent
  modInstall
  clsDbMacro
  modJsonConverter
  modRepair
  modTimer
  clsVersionControl
  modUnitTesting
  clsDbForm
  modVCSUtility
  clsDbQuery
  modZip
  clsAdpFunction
  clsAdpProcedure
  clsAdpServerView
  clsAdpTrigger
  clsDbTableDataMacro
  clsConcat
  clsDbModule
  clsDbSharedImage
  clsDbNavPaneGroup
  clsPerformanceItem
  clsDbProject
  clsDbRelation
  clsGitIntegration
  clsDbProjProperty
  clsDbProperty
  clsDbSavedSpec
  clsDbTableData
  clsDbTableDef
  clsDbTEMPLATE
  clsDbTheme
  clsDbVbeForm
  clsDbVbeProject
  clsDevMode
  clsPerformance
  clsLog
[59]
-------------------------------------
No table data macros found in this database.
-------------------------------------
No relations found in this database.
-------------------------------------
Exporting doc properties...   
  Database Documents
[3]
-------------------------------------
Exporting nav pane groups...  
  Groups
[1]
-------------------------------------
No hidden attributes found in this database.
-------------------------------------
Done. (3,08 seconds)

--------------------------------------------------
                PERFORMANCE REPORTS
--------------------------------------------------
Object Type                   Count     Seconds
--------------------------------------------------
Project                       1         0,02
VB Project                    1         0,02
VBE References                9         0,07
Proj Properties               1         0,01
DB Properties                 51        0,27
Themes                        1         0,07
Queries                       1         0,05
Forms                         3         0,53
Macros                        1         0,03
Modules                       59        1,84
Doc Properties                3         0,02
Nav Pane Groups               1         0,02
--------------------------------------------------
TOTALS:                       132       2,94
--------------------------------------------------

--------------------------------------------------
Operations                    Count     Seconds
--------------------------------------------------
Read File                     13        0,01
Parse JSON                    8         0,03
Convert to JSON               510       0,38
Compute SHA256                133       0,04
Console Updates               4         0,02
Compare Dictionary            6         0,00
Get Modified Date             67        0,02
Get File Property Hash        67        0,03
Verify Path                   72        0,01
Create Folder                 1         0,00
Export Theme                  1         0,07
Clear Orphaned                4         0,07
App.SaveAsText()              5         0,23
Delete File                   64        0,04
Read File Bytes               5         0,13
Sanitize File                 5         0,11
Write File                    7         0,06
Save Query SQL                1         0,00
Get VBA Hash                  62        0,05
Export VBE Module             59        0,48
Enc. Windows-1252 as utf-8    59        1,05
--------------------------------------------------
Other Operations                        0,27
--------------------------------------------------


