-------------------------------------
Beginning Export of all Source
Version Control.accda
VCS Version 3.4.15
Performing Full Export
16.08.2021 17:04:11
-------------------------------------
-------------------------------------
Exporting project...          
  Version Control.accda
[1]
-------------------------------------
Exporting vb project...       
  MSAccessVCS
[1]
-------------------------------------
Exporting vbe references...   
  stdole
[9]
-------------------------------------
No vbe forms found in this database.
-------------------------------------
No proj properties found in this database.
-------------------------------------
No saved specs found in this database.
-------------------------------------
Exporting db properties...    
  Database Properties (DAO)
[51]
-------------------------------------
No shared images found in this database.
-------------------------------------
Exporting themes...           
  Office Theme
[1]
-------------------------------------
No imex specs found in this database.
-------------------------------------
No tables found in this database.
-------------------------------------
Exporting queries...          
  qryNavPaneGroups
    Sanitized in 0,009 seconds.
  qryNavPaneGroups (SQL)
[1]
-------------------------------------
Exporting forms...            
  frmVCSInstall
    Sanitized in 0,013 seconds.
  frmVCSMain
    Sanitized in 0,021 seconds.
  frmVCSOptions
    Sanitized in 0,065 seconds.
[3]
-------------------------------------
Exporting macros...           
  autoexec
    Sanitized in 0,001 seconds.
[1]
-------------------------------------
No reports found in this database.
-------------------------------------
No table data found in this database.
-------------------------------------
Exporting modules...          
  clsDbSavedSpec
  clsDbTableData
  clsDbHiddenAttribute
  clsDbVbeReference
  modDatabase
  clsAdpProcedure
  clsDbTableDef
  clsPerformance
  clsDevMode
  modHash
  clsLblProg
  clsDbVbeForm
  modZip
  modAddIn
  modTimer
  clsVersionControl
  modSqlFunctions
  modFunctions
  clsGitIntegration
  clsDbRelation
  clsDbProject
  modConstants
  modObjects
  modFileAccess
  clsOptions
  clsDbVbeProject
  clsConcat
  modVCSUtility
  clsDbQuery
  clsAdpServerView
  clsDbSharedImage
  clsDbModule
  clsDbTEMPLATE
  modSanitize
  modEncoding
  modAPI
  clsDbImexSpec
  clsAdpTable
  clsDbTheme
  clsLog
  modUnitTesting
  clsDbForm
  modInstall
  clsDbMacro
  clsAdpFunction
  clsPerformanceItem
  clsDbNavPaneGroup
  clsDbTableDataMacro
  clsAdpTrigger
  modRepair
  modJsonConverter
  modImportExport
  IDbComponent
  clsDbReport
  modConnect
  clsVCSIndex
  clsDbDocument
  clsDbProperty
  clsDbProjProperty
[59]
-------------------------------------
No table data macros found in this database.
-------------------------------------
No relations found in this database.
-------------------------------------
Exporting doc properties...   
  Database Documents
[3]
-------------------------------------
Exporting nav pane groups...  
  Groups
[1]
-------------------------------------
No hidden attributes found in this database.
-------------------------------------
Done. (2,87 seconds)

--------------------------------------------------
                PERFORMANCE REPORTS
--------------------------------------------------
Object Type                   Count     Seconds
--------------------------------------------------
Project                       1         0,02
VB Project                    1         0,01
VBE References                9         0,09
DB Properties                 51        0,18
Themes                        1         0,08
Queries                       1         0,05
Forms                         3         0,39
Macros                        1         0,01
Modules                       59        1,90
Doc Properties                3         0,02
Nav Pane Groups               1         0,02
--------------------------------------------------
TOTALS:                       131       2,76
--------------------------------------------------

--------------------------------------------------
Operations                    Count     Seconds
--------------------------------------------------
Convert to JSON               328       0,30
Compute SHA256                133       0,04
Console Updates               3         0,03
Write File                    12        0,03
Verify Path                   77        0,01
Get Modified Date             67        0,03
Get File Property Hash        67        0,03
Create Folder                 5         0,00
Export Theme                  1         0,07
App.SaveAsText()              5         0,16
Read File Bytes               5         0,11
Read File                     5         0,01
Sanitize File                 5         0,10
Save Query SQL                1         0,00
Get VBA Hash                  62        0,05
Export VBE Module             59        0,63
Enc. Windows-1252 as utf-8    59        0,97
Delete File                   59        0,04
--------------------------------------------------
Other Operations                        0,29
--------------------------------------------------


